[debug] [2026-06-29T02:08:06.456Z] ----------------------------------------------------------------------
[debug] [2026-06-29T02:08:06.459Z] Command:       C:\Program Files\nodejs\node.exe C:\Users\arman_u5omxhq\AppData\Roaming\npm\node_modules\firebase-tools\lib\bin\firebase.js deploy
[debug] [2026-06-29T02:08:06.460Z] CLI Version:   15.17.0
[debug] [2026-06-29T02:08:06.460Z] Platform:      win32
[debug] [2026-06-29T02:08:06.460Z] Node Version:  v24.15.0
[debug] [2026-06-29T02:08:06.460Z] Time:          Sun Jun 28 2026 22:08:06 GMT-0400 (hora de Venezuela)
[debug] [2026-06-29T02:08:06.460Z] ----------------------------------------------------------------------
[debug] 
[debug] [2026-06-29T02:08:11.256Z] > command requires scopes: ["email","openid","https://www.googleapis.com/auth/cloudplatformprojects.readonly","https://www.googleapis.com/auth/firebase","https://www.googleapis.com/auth/cloud-platform"]
[debug] [2026-06-29T02:08:11.257Z] > authorizing via signed-in user (ftsaevc@gmail.com)
[debug] [2026-06-29T02:08:11.257Z] [iam] checking project parliamo-cia for permissions ["firebase.projects.get","firebasehosting.sites.update"]
[debug] [2026-06-29T02:08:11.260Z] Checked if tokens are valid: false, expires at: 1782683948554
[debug] [2026-06-29T02:08:11.260Z] Checked if tokens are valid: false, expires at: 1782683948554
[debug] [2026-06-29T02:08:11.261Z] > refreshing access token with scopes: []
[debug] [2026-06-29T02:08:11.263Z] >>> [apiv2][query] POST https://www.googleapis.com/oauth2/v3/token [none]
[debug] [2026-06-29T02:08:11.263Z] >>> [apiv2][body] POST https://www.googleapis.com/oauth2/v3/token [omitted]
[debug] [2026-06-29T02:08:11.282Z] *** [apiv2] error from fetch(https://www.googleapis.com/oauth2/v3/token, {"headers":{},"method":"POST","body":{"_overheadLength":545,"_valueLength":212,"_valuesToMeasure":[],"writable":false,"readable":true,"dataSize":0,"maxDataSize":2097152,"pauseStreams":true,"_released":true,"_streams":[],"_currentStream":null,"_insideLoop":false,"_pendingNext":false,"_boundary":"--------------------------379234b7b8f3aaf871d2e394","_events":{},"_eventsCount":1}}): FetchError: request to https://www.googleapis.com/oauth2/v3/token failed, reason: getaddrinfo ENOTFOUND www.googleapis.com
[error] Authentication Error: Your credentials are no longer valid. Please run firebase login --reauth

For CI servers and headless environments, generate a new token with firebase login:ci
[debug] [2026-06-29T02:08:11.284Z] [iam] error while checking permissions, command may fail: Authentication Error: Your credentials are no longer valid. Please run firebase login --reauth

For CI servers and headless environments, generate a new token with firebase login:ci
[debug] [2026-06-29T02:08:11.284Z] Checked if tokens are valid: false, expires at: 1782683948554
[debug] [2026-06-29T02:08:11.284Z] Checked if tokens are valid: false, expires at: 1782683948554
[debug] [2026-06-29T02:08:11.284Z] > refreshing access token with scopes: []
[debug] [2026-06-29T02:08:11.285Z] >>> [apiv2][query] POST https://www.googleapis.com/oauth2/v3/token [none]
[debug] [2026-06-29T02:08:11.285Z] >>> [apiv2][body] POST https://www.googleapis.com/oauth2/v3/token [omitted]
[debug] [2026-06-29T02:08:11.291Z] *** [apiv2] error from fetch(https://www.googleapis.com/oauth2/v3/token, {"headers":{},"method":"POST","body":{"_overheadLength":545,"_valueLength":212,"_valuesToMeasure":[],"writable":false,"readable":true,"dataSize":0,"maxDataSize":2097152,"pauseStreams":true,"_released":true,"_streams":[],"_currentStream":null,"_insideLoop":false,"_pendingNext":false,"_boundary":"--------------------------4bc54823ee2384d54c026a35","_events":{},"_eventsCount":1}}): FetchError: request to https://www.googleapis.com/oauth2/v3/token failed, reason: getaddrinfo ENOTFOUND www.googleapis.com
[error] Authentication Error: Your credentials are no longer valid. Please run firebase login --reauth

For CI servers and headless environments, generate a new token with firebase login:ci
[debug] [2026-06-29T02:08:11.292Z] Authentication Error: Your credentials are no longer valid. Please run firebase login --reauth

For CI servers and headless environments, generate a new token with firebase login:ci
[error] 
[error] Error: Assertion failed: resolving hosting target of a site with no site name or target name. This should have caused an error earlier
